39185 DEBUG [2019-05-14 10:58:44]  Successfully completed request
39183 DEBUG [2019-05-14 10:58:44]  Bound request context to thread: org.apache.catalina.connector.RequestFacade@4a10fc30
39181 DEBUG [2019-05-14 10:58:44]  Did not find handler method for [/js/cookie_util.js]
39188 DEBUG [2019-05-14 10:58:44]  Matching patterns for request [/js/cookie_util.js] are [/**]
39187 DEBUG [2019-05-14 10:58:44]  DispatcherServlet with name 'dispatcherServlet' processing GET request for [/js/check_login.js]
39188 DEBUG [2019-05-14 10:58:44]  URI Template variables for request [/js/cookie_util.js] are {}
39187 DEBUG [2019-05-14 10:58:44]  Cleared thread-bound request context: org.apache.catalina.connector.RequestFacade@41725089
39188 DEBUG [2019-05-14 10:58:44]  Mapping [/js/cookie_util.js] to HandlerExecutionChain with handler [ResourceHttpRequestHandler [locations=[class path resource [META-INF/resources/], class path resource [resources/], class path resource [static/], class path resource [public/], ServletContext resource [/]], resolvers=[org.springframework.web.servlet.resource.PathResourceResolver@12ad1b2a]]] and 1 interceptor
39188 DEBUG [2019-05-14 10:58:44]  Null ModelAndView returned to DispatcherServlet with name 'dispatcherServlet': assuming HandlerAdapter completed request handling
39188 DEBUG [2019-05-14 10:58:44]  Looking up handler method for path /js/check_login.js
39189 DEBUG [2019-05-14 10:58:44]  Successfully completed request
39189 DEBUG [2019-05-14 10:58:44]  Last-Modified value for [/js/cookie_util.js] is: -1
39189 DEBUG [2019-05-14 10:58:44]  Cleared thread-bound request context: org.apache.catalina.connector.RequestFacade@3ca3de9
39190 DEBUG [2019-05-14 10:58:44]  Did not find handler method for [/js/check_login.js]
39190 DEBUG [2019-05-14 10:58:44]  Matching patterns for request [/js/check_login.js] are [/**]
39191 DEBUG [2019-05-14 10:58:44]  URI Template variables for request [/js/check_login.js] are {}
39191 DEBUG [2019-05-14 10:58:44]  Mapping [/js/check_login.js] to HandlerExecutionChain with handler [ResourceHttpRequestHandler [locations=[class path resource [META-INF/resources/], class path resource [resources/], class path resource [static/], class path resource [public/], ServletContext resource [/]], resolvers=[org.springframework.web.servlet.resource.PathResourceResolver@12ad1b2a]]] and 1 interceptor
39191 DEBUG [2019-05-14 10:58:44]  Last-Modified value for [/js/check_login.js] is: -1
39196 DEBUG [2019-05-14 10:58:44]  Null ModelAndView returned to DispatcherServlet with name 'dispatcherServlet': assuming HandlerAdapter completed request handling
39196 DEBUG [2019-05-14 10:58:44]  Successfully completed request
39196 DEBUG [2019-05-14 10:58:44]  Cleared thread-bound request context: org.apache.catalina.connector.RequestFacade@2d4b0f4b
39196 DEBUG [2019-05-14 10:58:44]  Null ModelAndView returned to DispatcherServlet with name 'dispatcherServlet': assuming HandlerAdapter completed request handling
39196 DEBUG [2019-05-14 10:58:44]  Successfully completed request
39197 DEBUG [2019-05-14 10:58:44]  Cleared thread-bound request context: org.apache.catalina.connector.RequestFacade@4a10fc30
39476 DEBUG [2019-05-14 10:58:44]  Bound request context to thread: org.apache.catalina.connector.RequestFacade@4a10fc30
39561 DEBUG [2019-05-14 10:58:44]  Received: 0 records
39564 DEBUG [2019-05-14 10:58:44]  Received: 0 records
39785 DEBUG [2019-05-14 10:58:44]  Cleared thread-bound request context: org.apache.catalina.connector.RequestFacade@4a10fc30
39835 DEBUG [2019-05-14 10:58:44]  Bound request context to thread: org.apache.catalina.connector.RequestFacade@4a10fc30
39835 DEBUG [2019-05-14 10:58:44]  DispatcherServlet with name 'dispatcherServlet' processing GET request for [/css/bootstrapValidator.min.css]
39835 DEBUG [2019-05-14 10:58:44]  Looking up handler method for path /css/bootstrapValidator.min.css
39837 DEBUG [2019-05-14 10:58:44]  Did not find handler method for [/css/bootstrapValidator.min.css]
39837 DEBUG [2019-05-14 10:58:44]  Matching patterns for request [/css/bootstrapValidator.min.css] are [/**]
39837 DEBUG [2019-05-14 10:58:44]  URI Template variables for request [/css/bootstrapValidator.min.css] are {}
39837 DEBUG [2019-05-14 10:58:44]  Mapping [/css/bootstrapValidator.min.css] to HandlerExecutionChain with handler [ResourceHttpRequestHandler [locations=[class path resource [META-INF/resources/], class path resource [resources/], class path resource [static/], class path resource [public/], ServletContext resource [/]], resolvers=[org.springframework.web.servlet.resource.PathResourceResolver@12ad1b2a]]] and 1 interceptor
39837 DEBUG [2019-05-14 10:58:44]  Last-Modified value for [/css/bootstrapValidator.min.css] is: -1
39837 DEBUG [2019-05-14 10:58:44]  Bound request context to thread: org.apache.catalina.connector.RequestFacade@2d4b0f4b
39838 DEBUG [2019-05-14 10:58:44]  DispatcherServlet with name 'dispatcherServlet' processing GET request for [/css/aui_css/aui.css]
39838 DEBUG [2019-05-14 10:58:44]  Looking up handler method for path /css/aui_css/aui.css
39842 DEBUG [2019-05-14 10:58:44]  Did not find handler method for [/css/aui_css/aui.css]
39842 DEBUG [2019-05-14 10:58:44]  Matching patterns for request [/css/aui_css/aui.css] are [/**]
39842 DEBUG [2019-05-14 10:58:44]  URI Template variables for request [/css/aui_css/aui.css] are {}
39842 DEBUG [2019-05-14 10:58:44]  Mapping [/css/aui_css/aui.css] to HandlerExecutionChain with handler [ResourceHttpRequestHandler [locations=[class path resource [META-INF/resources/], class path resource [resources/], class path resource [static/], class path resource [public/], ServletContext resource [/]], resolvers=[org.springframework.web.servlet.resource.PathResourceResolver@12ad1b2a]]] and 1 interceptor
39842 DEBUG [2019-05-14 10:58:44]  Last-Modified value for [/css/aui_css/aui.css] is: -1
39843 DEBUG [2019-05-14 10:58:44]  Bound request context to thread: org.apache.catalina.connector.RequestFacade@41725089
39844 DEBUG [2019-05-14 10:58:44]  DispatcherServlet with name 'dispatcherServlet' processing GET request for [/js/bootstrapValidator.min.js]
39844 DEBUG [2019-05-14 10:58:44]  Looking up handler method for path /js/bootstrapValidator.min.js
39845 DEBUG [2019-05-14 10:58:44]  Did not find handler method for [/js/bootstrapValidator.min.js]
39846 DEBUG [2019-05-14 10:58:44]  Matching patterns for request [/js/bootstrapValidator.min.js] are [/**]
39846 DEBUG [2019-05-14 10:58:44]  URI Template variables for request [/js/bootstrapValidator.min.js] are {}
39846 DEBUG [2019-05-14 10:58:44]  Mapping [/js/bootstrapValidator.min.js] to HandlerExecutionChain with handler [ResourceHttpRequestHandler [locations=[class path resource [META-INF/resources/], class path resource [resources/], class path resource [static/], class path resource [public/], ServletContext resource [/]], resolvers=[org.springframework.web.servlet.resource.PathResourceResolver@12ad1b2a]]] and 1 interceptor
39846 DEBUG [2019-05-14 10:58:44]  Last-Modified value for [/js/bootstrapValidator.min.js] is: -1
39850 DEBUG [2019-05-14 10:58:44]  Null ModelAndView returned to DispatcherServlet with name 'dispatcherServlet': assuming HandlerAdapter completed request handling
39856 DEBUG [2019-05-14 10:58:44]  Successfully completed request
39856 DEBUG [2019-05-14 10:58:44]  Cleared thread-bound request context: org.apache.catalina.connector.RequestFacade@4a10fc30
39851 DEBUG [2019-05-14 10:58:44]  Received: 0 records
39860 DEBUG [2019-05-14 10:58:44]  Bound request context to thread: org.apache.catalina.connector.RequestFacade@4a10fc30
39860 DEBUG [2019-05-14 10:58:44]  DispatcherServlet with name 'dispatcherServlet' processing GET request for [/js/aui_script/aui-tab.js]
39861 DEBUG [2019-05-14 10:58:44]  Looking up handler method for path /js/aui_script/aui-tab.js
39856 DEBUG [2019-05-14 10:58:44]  Bound request context to thread: org.apache.catalina.connector.RequestFacade@7418dda8
39862 DEBUG [2019-05-14 10:58:44]  DispatcherServlet with name 'dispatcherServlet' processing GET request for [/js/aui_script/api.js]
39862 DEBUG [2019-05-14 10:58:44]  Looking up handler method for path /js/aui_script/api.js
39863 DEBUG [2019-05-14 10:58:44]  Did not find handler method for [/js/aui_script/api.js]
39864 DEBUG [2019-05-14 10:58:44]  Matching patterns for request [/js/aui_script/api.js] are [/**]
39864 DEBUG [2019-05-14 10:58:44]  URI Template variables for request [/js/aui_script/api.js] are {}
39864 DEBUG [2019-05-14 10:58:44]  Mapping [/js/aui_script/api.js] to HandlerExecutionChain with handler [ResourceHttpRequestHandler [locations=[class path resource [META-INF/resources/], class path resource [resources/], class path resource [static/], class path resource [public/], ServletContext resource [/]], resolvers=[org.springframework.web.servlet.resource.PathResourceResolver@12ad1b2a]]] and 1 interceptor
39864 DEBUG [2019-05-14 10:58:44]  Last-Modified value for [/js/aui_script/api.js] is: -1
39851 DEBUG [2019-05-14 10:58:44]  Bound request context to thread: org.apache.catalina.connector.RequestFacade@3ca3de9
39867 DEBUG [2019-05-14 10:58:44]  DispatcherServlet with name 'dispatcherServlet' processing GET request for [/css/aui_css/aui-pull-refresh.css]
39867 DEBUG [2019-05-14 10:58:44]  Looking up handler method for path /css/aui_css/aui-pull-refresh.css
39868 DEBUG [2019-05-14 10:58:44]  Did not find handler method for [/css/aui_css/aui-pull-refresh.css]
39869 DEBUG [2019-05-14 10:58:44]  Matching patterns for request [/css/aui_css/aui-pull-refresh.css] are [/**]
39869 DEBUG [2019-05-14 10:58:44]  URI Template variables for request [/css/aui_css/aui-pull-refresh.css] are {}
39869 DEBUG [2019-05-14 10:58:44]  Mapping [/css/aui_css/aui-pull-refresh.css] to HandlerExecutionChain with handler [ResourceHttpRequestHandler [locations=[class path resource [META-INF/resources/], class path resource [resources/], class path resource [static/], class path resource [public/], ServletContext resource [/]], resolvers=[org.springframework.web.servlet.resource.PathResourceResolver@12ad1b2a]]] and 1 interceptor
39869 DEBUG [2019-05-14 10:58:44]  Last-Modified value for [/css/aui_css/aui-pull-refresh.css] is: -1
39862 DEBUG [2019-05-14 10:58:44]  Did not find handler method for [/js/aui_script/aui-tab.js]
39872 DEBUG [2019-05-14 10:58:44]  Matching patterns for request [/js/aui_script/aui-tab.js] are [/**]
39873 DEBUG [2019-05-14 10:58:44]  URI Template variables for request [/js/aui_script/aui-tab.js] are {}
39873 DEBUG [2019-05-14 10:58:44]  Mapping [/js/aui_script/aui-tab.js] to HandlerExecutionChain with handler [ResourceHttpRequestHandler [locations=[class path resource [META-INF/resources/], class path resource [resources/], class path resource [static/], class path resource [public/], ServletContext resource [/]], resolvers=[org.springframework.web.servlet.resource.PathResourceResolver@12ad1b2a]]] and 1 interceptor
39873 DEBUG [2019-05-14 10:58:44]  Last-Modified value for [/js/aui_script/aui-tab.js] is: -1
39876 DEBUG [2019-05-14 10:58:44]  Null ModelAndView returned to DispatcherServlet with name 'dispatcherServlet': assuming HandlerAdapter completed request handling
39876 DEBUG [2019-05-14 10:58:44]  Successfully completed request
39876 DEBUG [2019-05-14 10:58:44]  Cleared thread-bound request context: org.apache.catalina.connector.RequestFacade@7418dda8
39871 DEBUG [2019-05-14 10:58:44]  Null ModelAndView returned to DispatcherServlet with name 'dispatcherServlet': assuming HandlerAdapter completed request handling
39880 DEBUG [2019-05-14 10:58:44]  Null ModelAndView returned to DispatcherServlet with name 'dispatcherServlet': assuming HandlerAdapter completed request handling
39880 DEBUG [2019-05-14 10:58:44]  Successfully completed request
39880 DEBUG [2019-05-14 10:58:44]  Cleared thread-bound request context: org.apache.catalina.connector.RequestFacade@3ca3de9
39880 DEBUG [2019-05-14 10:58:44]  Successfully completed request
39881 DEBUG [2019-05-14 10:58:44]  Cleared thread-bound request context: org.apache.catalina.connector.RequestFacade@2d4b0f4b
39885 DEBUG [2019-05-14 10:58:44]  Null ModelAndView returned to DispatcherServlet with name 'dispatcherServlet': assuming HandlerAdapter completed request handling
39886 DEBUG [2019-05-14 10:58:44]  Successfully completed request
39886 DEBUG [2019-05-14 10:58:44]  Cleared thread-bound request context: org.apache.catalina.connector.RequestFacade@4a10fc30
39978 DEBUG [2019-05-14 10:58:44]  Bound request context to thread: org.apache.catalina.connector.RequestFacade@4a10fc30
39979 DEBUG [2019-05-14 10:58:44]  DispatcherServlet with name 'dispatcherServlet' processing GET request for [/js/aui_script/aui-pull-refresh.js]
39979 DEBUG [2019-05-14 10:58:44]  Looking up handler method for path /js/aui_script/aui-pull-refresh.js
39987 DEBUG [2019-05-14 10:58:44]  Bound request context to thread: org.apache.catalina.connector.RequestFacade@2d4b0f4b
39987 DEBUG [2019-05-14 10:58:44]  DispatcherServlet with name 'dispatcherServlet' processing GET request for [/js/aui_script/aui-toast.js]
39987 DEBUG [2019-05-14 10:58:44]  Looking up handler method for path /js/aui_script/aui-toast.js
39989 DEBUG [2019-05-14 10:58:44]  Did not find handler method for [/js/aui_script/aui-toast.js]
39989 DEBUG [2019-05-14 10:58:44]  Matching patterns for request [/js/aui_script/aui-toast.js] are [/**]
39989 DEBUG [2019-05-14 10:58:44]  URI Template variables for request [/js/aui_script/aui-toast.js] are {}
39989 DEBUG [2019-05-14 10:58:44]  Mapping [/js/aui_script/aui-toast.js] to HandlerExecutionChain with handler [ResourceHttpRequestHandler [locations=[class path resource [META-INF/resources/], class path resource [resources/], class path resource [static/], class path resource [public/], ServletContext resource [/]], resolvers=[org.springframework.web.servlet.resource.PathResourceResolver@12ad1b2a]]] and 1 interceptor
39989 DEBUG [2019-05-14 10:58:44]  Last-Modified value for [/js/aui_script/aui-toast.js] is: -1
39990 DEBUG [2019-05-14 10:58:44]  Did not find handler method for [/js/aui_script/aui-pull-refresh.js]
39990 DEBUG [2019-05-14 10:58:44]  Matching patterns for request [/js/aui_script/aui-pull-refresh.js] are [/**]
39990 DEBUG [2019-05-14 10:58:44]  URI Template variables for request [/js/aui_script/aui-pull-refresh.js] are {}
39990 DEBUG [2019-05-14 10:58:44]  Mapping [/js/aui_script/aui-pull-refresh.js] to HandlerExecutionChain with handler [ResourceHttpRequestHandler [locations=[class path resource [META-INF/resources/], class path resource [resources/], class path resource [static/], class path resource [public/], ServletContext resource [/]], resolvers=[org.springframework.web.servlet.resource.PathResourceResolver@12ad1b2a]]] and 1 interceptor
39990 DEBUG [2019-05-14 10:58:44]  Last-Modified value for [/js/aui_script/aui-pull-refresh.js] is: -1
39994 DEBUG [2019-05-14 10:58:44]  Null ModelAndView returned to DispatcherServlet with name 'dispatcherServlet': assuming HandlerAdapter completed request handling
39995 DEBUG [2019-05-14 10:58:44]  Successfully completed request
39995 DEBUG [2019-05-14 10:58:44]  Cleared thread-bound request context: org.apache.catalina.connector.RequestFacade@2d4b0f4b
39996 DEBUG [2019-05-14 10:58:44]  Null ModelAndView returned to DispatcherServlet with name 'dispatcherServlet': assuming HandlerAdapter completed request handling
39996 DEBUG [2019-05-14 10:58:44]  Successfully completed request
39996 DEBUG [2019-05-14 10:58:44]  Cleared thread-bound request context: org.apache.catalina.connector.RequestFacade@4a10fc30
40007 DEBUG [2019-05-14 10:58:44]  Bound request context to thread: org.apache.catalina.connector.RequestFacade@4a10fc30
40008 DEBUG [2019-05-14 10:58:44]  DispatcherServlet with name 'dispatcherServlet' processing GET request for [/js/aui_script/aui-dialog.js]
40008 DEBUG [2019-05-14 10:58:44]  Looking up handler method for path /js/aui_script/aui-dialog.js
40009 DEBUG [2019-05-14 10:58:44]  Did not find handler method for [/js/aui_script/aui-dialog.js]
40009 DEBUG [2019-05-14 10:58:44]  Matching patterns for request [/js/aui_script/aui-dialog.js] are [/**]
40009 DEBUG [2019-05-14 10:58:44]  URI Template variables for request [/js/aui_script/aui-dialog.js] are {}
40010 DEBUG [2019-05-14 10:58:44]  Mapping [/js/aui_script/aui-dialog.js] to HandlerExecutionChain with handler [ResourceHttpRequestHandler [locations=[class path resource [META-INF/resources/], class path resource [resources/], class path resource [static/], class path resource [public/], ServletContext resource [/]], resolvers=[org.springframework.web.servlet.resource.PathResourceResolver@12ad1b2a]]] and 1 interceptor
40010 DEBUG [2019-05-14 10:58:44]  Last-Modified value for [/js/aui_script/aui-dialog.js] is: -1
40020 DEBUG [2019-05-14 10:58:44]  Null ModelAndView returned to DispatcherServlet with name 'dispatcherServlet': assuming HandlerAdapter completed request handling
40020 DEBUG [2019-05-14 10:58:44]  Successfully completed request
40020 DEBUG [2019-05-14 10:58:44]  Cleared thread-bound request context: org.apache.catalina.connector.RequestFacade@4a10fc30
40083 DEBUG [2019-05-14 10:58:45]  Null ModelAndView returned to DispatcherServlet with name 'dispatcherServlet': assuming HandlerAdapter completed request handling
40083 DEBUG [2019-05-14 10:58:45]  Successfully completed request
40083 DEBUG [2019-05-14 10:58:45]  Cleared thread-bound request context: org.apache.catalina.connector.RequestFacade@41725089
40561 DEBUG [2019-05-14 10:58:45]  Received: 0 records
40564 DEBUG [2019-05-14 10:58:45]  Received: 0 records
40861 DEBUG [2019-05-14 10:58:45]  Received: 0 records
41561 DEBUG [2019-05-14 10:58:46]  Received: 0 records
41564 DEBUG [2019-05-14 10:58:46]  Received: 0 records
41862 DEBUG [2019-05-14 10:58:46]  Received: 0 records
42562 DEBUG [2019-05-14 10:58:47]  Received: 0 records
42564 DEBUG [2019-05-14 10:58:47]  Received: 0 records
42862 DEBUG [2019-05-14 10:58:47]  Received: 0 records
43563 DEBUG [2019-05-14 10:58:48]  Received: 0 records
43566 DEBUG [2019-05-14 10:58:48]  Received: 0 records
43862 DEBUG [2019-05-14 10:58:48]  Received: 0 records
44564 DEBUG [2019-05-14 10:58:49]  Received: 0 records
44567 DEBUG [2019-05-14 10:58:49]  Received: 0 records
44862 DEBUG [2019-05-14 10:58:49]  Received: 0 records
45564 DEBUG [2019-05-14 10:58:50]  Received: 0 records
45567 DEBUG [2019-05-14 10:58:50]  Received: 0 records
45863 DEBUG [2019-05-14 10:58:50]  Received: 0 records
46433 DEBUG [2019-05-14 10:58:51]  Bound request context to thread: org.apache.catalina.connector.RequestFacade@41725089
46434 DEBUG [2019-05-14 10:58:51]  DispatcherServlet with name 'dispatcherServlet' processing POST request for [/ethAccount/login]
46435 DEBUG [2019-05-14 10:58:51]  Looking up handler method for path /ethAccount/login
46437 DEBUG [2019-05-14 10:58:51]  Returning handler method [public com.digitalchina.xa.it.util.ResultUtil com.digitalchina.xa.it.controller.EthAccountController.login(java.lang.String,java.lang.String)]
46437 DEBUG [2019-05-14 10:58:51]  Returning cached instance of singleton bean 'ethAccountController'
46454 DEBUG [2019-05-14 10:58:51]  Skip CORS processing: request is from same origin
46558 DEBUG [2019-05-14 10:58:51]  Fetching JDBC Connection from DataSource
46565 DEBUG [2019-05-14 10:58:51]  Received: 0 records
46567 DEBUG [2019-05-14 10:58:51]  Received: 0 records
46667 DEBUG [2019-05-14 10:58:51]  Returning JDBC Connection to DataSource
46870 DEBUG [2019-05-14 10:58:51]  Received: 0 records
46970 DEBUG [2019-05-14 10:58:51]  Written [com.digitalchina.xa.it.util.ResultUtil@7686f4dc] as "application/json" using [org.springframework.http.converter.json.MappingJackson2HttpMessageConverter@49faf066]
46971 DEBUG [2019-05-14 10:58:51]  Null ModelAndView returned to DispatcherServlet with name 'dispatcherServlet': assuming HandlerAdapter completed request handling
46972 DEBUG [2019-05-14 10:58:51]  Successfully completed request
46972 DEBUG [2019-05-14 10:58:51]  Cleared thread-bound request context: org.apache.catalina.connector.RequestFacade@41725089
46995 DEBUG [2019-05-14 10:58:51]  Bound request context to thread: org.apache.catalina.connector.RequestFacade@41725089
47568 DEBUG [2019-05-14 10:58:52]  Received: 0 records
47570 DEBUG [2019-05-14 10:58:52]  Received: 0 records
47871 DEBUG [2019-05-14 10:58:52]  Received: 0 records
47877 DEBUG [2019-05-14 10:58:52]  Cleared thread-bound request context: org.apache.catalina.connector.RequestFacade@41725089
47956 DEBUG [2019-05-14 10:58:52]  Bound request context to thread: org.apache.catalina.connector.RequestFacade@41725089
47957 DEBUG [2019-05-14 10:58:52]  DispatcherServlet with name 'dispatcherServlet' processing GET request for [/css/bootstrap-select.min.css]
47957 DEBUG [2019-05-14 10:58:52]  Looking up handler method for path /css/bootstrap-select.min.css
47960 DEBUG [2019-05-14 10:58:52]  Bound request context to thread: org.apache.catalina.connector.RequestFacade@4a10fc30
47960 DEBUG [2019-05-14 10:58:52]  Did not find handler method for [/css/bootstrap-select.min.css]
47961 DEBUG [2019-05-14 10:58:52]  DispatcherServlet with name 'dispatcherServlet' processing GET request for [/js/bootstrap-select.min.js]
47961 DEBUG [2019-05-14 10:58:52]  Matching patterns for request [/css/bootstrap-select.min.css] are [/**]
47961 DEBUG [2019-05-14 10:58:52]  Looking up handler method for path /js/bootstrap-select.min.js
47961 DEBUG [2019-05-14 10:58:52]  URI Template variables for request [/css/bootstrap-select.min.css] are {}
47962 DEBUG [2019-05-14 10:58:52]  Mapping [/css/bootstrap-select.min.css] to HandlerExecutionChain with handler [ResourceHttpRequestHandler [locations=[class path resource [META-INF/resources/], class path resource [resources/], class path resource [static/], class path resource [public/], ServletContext resource [/]], resolvers=[org.springframework.web.servlet.resource.PathResourceResolver@12ad1b2a]]] and 1 interceptor
47962 DEBUG [2019-05-14 10:58:52]  Last-Modified value for [/css/bootstrap-select.min.css] is: -1
47965 DEBUG [2019-05-14 10:58:52]  Did not find handler method for [/js/bootstrap-select.min.js]
47965 DEBUG [2019-05-14 10:58:52]  Matching patterns for request [/js/bootstrap-select.min.js] are [/**]
47965 DEBUG [2019-05-14 10:58:52]  URI Template variables for request [/js/bootstrap-select.min.js] are {}
47966 DEBUG [2019-05-14 10:58:52]  Mapping [/js/bootstrap-select.min.js] to HandlerExecutionChain with handler [ResourceHttpRequestHandler [locations=[class path resource [META-INF/resources/], class path resource [resources/], class path resource [static/], class path resource [public/], ServletContext resource [/]], resolvers=[org.springframework.web.servlet.resource.PathResourceResolver@12ad1b2a]]] and 1 interceptor
47966 DEBUG [2019-05-14 10:58:52]  Last-Modified value for [/js/bootstrap-select.min.js] is: -1
47972 DEBUG [2019-05-14 10:58:52]  Null ModelAndView returned to DispatcherServlet with name 'dispatcherServlet': assuming HandlerAdapter completed request handling
47973 DEBUG [2019-05-14 10:58:52]  Successfully completed request
47973 DEBUG [2019-05-14 10:58:52]  Cleared thread-bound request context: org.apache.catalina.connector.RequestFacade@4a10fc30
47978 DEBUG [2019-05-14 10:58:52]  Null ModelAndView returned to DispatcherServlet with name 'dispatcherServlet': assuming HandlerAdapter completed request handling
47978 DEBUG [2019-05-14 10:58:52]  Successfully completed request
47979 DEBUG [2019-05-14 10:58:52]  Cleared thread-bound request context: org.apache.catalina.connector.RequestFacade@41725089
47999 DEBUG [2019-05-14 10:58:52]  Bound request context to thread: org.apache.catalina.connector.RequestFacade@41725089
48001 DEBUG [2019-05-14 10:58:52]  DispatcherServlet with name 'dispatcherServlet' processing GET request for [/img/shouye.png]
48001 DEBUG [2019-05-14 10:58:52]  Looking up handler method for path /img/shouye.png
48004 DEBUG [2019-05-14 10:58:52]  Did not find handler method for [/img/shouye.png]
48004 DEBUG [2019-05-14 10:58:52]  Matching patterns for request [/img/shouye.png] are [/**]
48004 DEBUG [2019-05-14 10:58:52]  URI Template variables for request [/img/shouye.png] are {}
48004 DEBUG [2019-05-14 10:58:52]  Mapping [/img/shouye.png] to HandlerExecutionChain with handler [ResourceHttpRequestHandler [locations=[class path resource [META-INF/resources/], class path resource [resources/], class path resource [static/], class path resource [public/], ServletContext resource [/]], resolvers=[org.springframework.web.servlet.resource.PathResourceResolver@12ad1b2a]]] and 1 interceptor
48004 DEBUG [2019-05-14 10:58:52]  Last-Modified value for [/img/shouye.png] is: -1
48019 DEBUG [2019-05-14 10:58:52]  Null ModelAndView returned to DispatcherServlet with name 'dispatcherServlet': assuming HandlerAdapter completed request handling
48019 DEBUG [2019-05-14 10:58:52]  Successfully completed request
48019 DEBUG [2019-05-14 10:58:52]  Cleared thread-bound request context: org.apache.catalina.connector.RequestFacade@41725089
48023 DEBUG [2019-05-14 10:58:52]  Bound request context to thread: org.apache.catalina.connector.RequestFacade@41725089
48023 DEBUG [2019-05-14 10:58:52]  DispatcherServlet with name 'dispatcherServlet' processing GET request for [/img/zuixinjiexiao.png]
48024 DEBUG [2019-05-14 10:58:52]  Looking up handler method for path /img/zuixinjiexiao.png
48025 DEBUG [2019-05-14 10:58:52]  Did not find handler method for [/img/zuixinjiexiao.png]
48025 DEBUG [2019-05-14 10:58:52]  Matching patterns for request [/img/zuixinjiexiao.png] are [/**]
48025 DEBUG [2019-05-14 10:58:52]  URI Template variables for request [/img/zuixinjiexiao.png] are {}
48026 DEBUG [2019-05-14 10:58:52]  Mapping [/img/zuixinjiexiao.png] to HandlerExecutionChain with handler [ResourceHttpRequestHandler [locations=[class path resource [META-INF/resources/], class path resource [resources/], class path resource [static/], class path resource [public/], ServletContext resource [/]], resolvers=[org.springframework.web.servlet.resource.PathResourceResolver@12ad1b2a]]] and 1 interceptor
48026 DEBUG [2019-05-14 10:58:52]  Last-Modified value for [/img/zuixinjiexiao.png] is: -1
48030 DEBUG [2019-05-14 10:58:52]  Null ModelAndView returned to DispatcherServlet with name 'dispatcherServlet': assuming HandlerAdapter completed request handling
48030 DEBUG [2019-05-14 10:58:52]  Successfully completed request
48031 DEBUG [2019-05-14 10:58:52]  Cleared thread-bound request context: org.apache.catalina.connector.RequestFacade@41725089
48071 DEBUG [2019-05-14 10:58:53]  Bound request context to thread: org.apache.catalina.connector.RequestFacade@41725089
48071 DEBUG [2019-05-14 10:58:53]  DispatcherServlet with name 'dispatcherServlet' processing GET request for [/img/wode.png]
48072 DEBUG [2019-05-14 10:58:53]  Looking up handler method for path /img/wode.png
48072 DEBUG [2019-05-14 10:58:53]  Did not find handler method for [/img/wode.png]
48073 DEBUG [2019-05-14 10:58:53]  Matching patterns for request [/img/wode.png] are [/**]
48073 DEBUG [2019-05-14 10:58:53]  URI Template variables for request [/img/wode.png] are {}
48073 DEBUG [2019-05-14 10:58:53]  Mapping [/img/wode.png] to HandlerExecutionChain with handler [ResourceHttpRequestHandler [locations=[class path resource [META-INF/resources/], class path resource [resources/], class path resource [static/], class path resource [public/], ServletContext resource [/]], resolvers=[org.springframework.web.servlet.resource.PathResourceResolver@12ad1b2a]]] and 1 interceptor
48073 DEBUG [2019-05-14 10:58:53]  Last-Modified value for [/img/wode.png] is: -1
48076 DEBUG [2019-05-14 10:58:53]  Null ModelAndView returned to DispatcherServlet with name 'dispatcherServlet': assuming HandlerAdapter completed request handling
48077 DEBUG [2019-05-14 10:58:53]  Successfully completed request
48077 DEBUG [2019-05-14 10:58:53]  Cleared thread-bound request context: org.apache.catalina.connector.RequestFacade@41725089
48150 DEBUG [2019-05-14 10:58:53]  Bound request context to thread: org.apache.catalina.connector.RequestFacade@41725089
48150 DEBUG [2019-05-14 10:58:53]  DispatcherServlet with name 'dispatcherServlet' processing GET request for [/table/getTableList]
48150 DEBUG [2019-05-14 10:58:53]  Looking up handler method for path /table/getTableList
48150 DEBUG [2019-05-14 10:58:53]  Returning handler method [public java.util.Map<java.lang.String, java.lang.Object> com.digitalchina.xa.it.controller.TableController.getTableList(java.lang.String)]
48151 DEBUG [2019-05-14 10:58:53]  Returning cached instance of singleton bean 'tableController'
48151 DEBUG [2019-05-14 10:58:53]  Last-Modified value for [/table/getTableList] is: -1
48175 DEBUG [2019-05-14 10:58:53]  Executing SQL query [select table_name from table_info where itcode = 'fannl']
48177 DEBUG [2019-05-14 10:58:53]  Fetching JDBC Connection from DataSource
48261 DEBUG [2019-05-14 10:58:53]  Returning JDBC Connection to DataSource
48278 DEBUG [2019-05-14 10:58:53]  Written [{msg=查找成功, success=true, list=[{table_name=test}, {table_name=hahahahah}, {table_name=ppppppp}, {table_name=okokokok}, {table_name=student}, {table_name=qweqw}, {table_name=Test1}, {table_name=杜伟伟}, {table_name=lslsls}, {table_name=水电费水电费}, {table_name=请问}, {table_name=ppo}, {table_name=sfdsdf}, {table_name=王企鹅}, {table_name=TEST0514}, {table_name=TEST测试}]}] as "application/json" using [org.springframework.http.converter.json.MappingJackson2HttpMessageConverter@49faf066]
48279 DEBUG [2019-05-14 10:58:53]  Null ModelAndView returned to DispatcherServlet with name 'dispatcherServlet': assuming HandlerAdapter completed request handling
48279 DEBUG [2019-05-14 10:58:53]  Successfully completed request
48279 DEBUG [2019-05-14 10:58:53]  Cleared thread-bound request context: org.apache.catalina.connector.RequestFacade@41725089
48569 DEBUG [2019-05-14 10:58:53]  Received: 0 records
48570 DEBUG [2019-05-14 10:58:53]  Received: 0 records
48872 DEBUG [2019-05-14 10:58:53]  Received: 0 records
49569 DEBUG [2019-05-14 10:58:54]  Received: 0 records
49571 DEBUG [2019-05-14 10:58:54]  Received: 0 records
49872 DEBUG [2019-05-14 10:58:54]  Received: 0 records
50571 DEBUG [2019-05-14 10:58:55]  Received: 0 records
50572 DEBUG [2019-05-14 10:58:55]  Received: 0 records
50872 DEBUG [2019-05-14 10:58:55]  Received: 0 records
51571 DEBUG [2019-05-14 10:58:56]  Received: 0 records
51572 DEBUG [2019-05-14 10:58:56]  Received: 0 records
51872 DEBUG [2019-05-14 10:58:56]  Received: 0 records
52571 DEBUG [2019-05-14 10:58:57]  Received: 0 records
52572 DEBUG [2019-05-14 10:58:57]  Received: 0 records
52883 DEBUG [2019-05-14 10:58:57]  Received: 0 records
53571 DEBUG [2019-05-14 10:58:58]  Received: 0 records
53572 DEBUG [2019-05-14 10:58:58]  Received: 0 records
53889 DEBUG [2019-05-14 10:58:58]  Received: 0 records
54572 DEBUG [2019-05-14 10:58:59]  Received: 0 records
54573 DEBUG [2019-05-14 10:58:59]  Received: 0 records
54890 DEBUG [2019-05-14 10:58:59]  Received: 0 records
55572 DEBUG [2019-05-14 10:59:00]  Received: 0 records
55574 DEBUG [2019-05-14 10:59:00]  Received: 0 records
55891 DEBUG [2019-05-14 10:59:00]  Received: 0 records
56573 DEBUG [2019-05-14 10:59:01]  Received: 0 records
56574 DEBUG [2019-05-14 10:59:01]  Received: 0 records
56892 DEBUG [2019-05-14 10:59:01]  Received: 0 records
57574 DEBUG [2019-05-14 10:59:02]  Received: 0 records
57575 DEBUG [2019-05-14 10:59:02]  Received: 0 records
57892 DEBUG [2019-05-14 10:59:02]  Received: 0 records
58574 DEBUG [2019-05-14 10:59:03]  Received: 0 records
58576 DEBUG [2019-05-14 10:59:03]  Received: 0 records
58892 DEBUG [2019-05-14 10:59:03]  Received: 0 records
59376 DEBUG [2019-05-14 10:59:04]  Bound request context to thread: org.apache.catalina.connector.RequestFacade@41725089
59386 DEBUG [2019-05-14 10:59:04]  Cleared thread-bound request context: org.apache.catalina.connector.RequestFacade@41725089
59575 DEBUG [2019-05-14 10:59:04]  Received: 0 records
59576 DEBUG [2019-05-14 10:59:04]  Bound request context to thread: org.apache.catalina.connector.RequestFacade@41725089
59576 DEBUG [2019-05-14 10:59:04]  DispatcherServlet with name 'dispatcherServlet' processing GET request for [/table/getTableList]
59576 DEBUG [2019-05-14 10:59:04]  Looking up handler method for path /table/getTableList
59576 DEBUG [2019-05-14 10:59:04]  Returning handler method [public java.util.Map<java.lang.String, java.lang.Object> com.digitalchina.xa.it.controller.TableController.getTableList(java.lang.String)]
59577 DEBUG [2019-05-14 10:59:04]  Received: 0 records
59577 DEBUG [2019-05-14 10:59:04]  Returning cached instance of singleton bean 'tableController'
59578 DEBUG [2019-05-14 10:59:04]  Last-Modified value for [/table/getTableList] is: -1
59580 DEBUG [2019-05-14 10:59:04]  Executing SQL query [select table_name from table_info where itcode = 'fannl']
59581 DEBUG [2019-05-14 10:59:04]  Fetching JDBC Connection from DataSource
59606 DEBUG [2019-05-14 10:59:04]  Bound request context to thread: org.apache.catalina.connector.RequestFacade@4a10fc30
59610 DEBUG [2019-05-14 10:59:04]  DispatcherServlet with name 'dispatcherServlet' processing GET request for [/favicon.ico]
59611 DEBUG [2019-05-14 10:59:04]  Matching patterns for request [/favicon.ico] are [/**/favicon.ico]
59611 DEBUG [2019-05-14 10:59:04]  URI Template variables for request [/favicon.ico] are {}
59611 DEBUG [2019-05-14 10:59:04]  Mapping [/favicon.ico] to HandlerExecutionChain with handler [ResourceHttpRequestHandler [locations=[class path resource [META-INF/resources/], class path resource [resources/], class path resource [static/], class path resource [public/], ServletContext resource [/], class path resource []], resolvers=[org.springframework.web.servlet.resource.PathResourceResolver@5f631ca0]]] and 1 interceptor
59612 DEBUG [2019-05-14 10:59:04]  Last-Modified value for [/favicon.ico] is: -1
59639 DEBUG [2019-05-14 10:59:04]  Returning JDBC Connection to DataSource
59640 DEBUG [2019-05-14 10:59:04]  Written [{msg=查找成功, success=true, list=[{table_name=test}, {table_name=hahahahah}, {table_name=ppppppp}, {table_name=okokokok}, {table_name=student}, {table_name=qweqw}, {table_name=Test1}, {table_name=杜伟伟}, {table_name=lslsls}, {table_name=水电费水电费}, {table_name=请问}, {table_name=ppo}, {table_name=sfdsdf}, {table_name=王企鹅}, {table_name=TEST0514}, {table_name=TEST测试}]}] as "application/json" using [org.springframework.http.converter.json.MappingJackson2HttpMessageConverter@49faf066]
59641 DEBUG [2019-05-14 10:59:04]  Null ModelAndView returned to DispatcherServlet with name 'dispatcherServlet': assuming HandlerAdapter completed request handling
59641 DEBUG [2019-05-14 10:59:04]  Successfully completed request
59641 DEBUG [2019-05-14 10:59:04]  Cleared thread-bound request context: org.apache.catalina.connector.RequestFacade@41725089
59642 DEBUG [2019-05-14 10:59:04]  Null ModelAndView returned to DispatcherServlet with name 'dispatcherServlet': assuming HandlerAdapter completed request handling
59642 DEBUG [2019-05-14 10:59:04]  Successfully completed request
59642 DEBUG [2019-05-14 10:59:04]  Cleared thread-bound request context: org.apache.catalina.connector.RequestFacade@4a10fc30
59892 DEBUG [2019-05-14 10:59:04]  Received: 0 records
60576 DEBUG [2019-05-14 10:59:05]  Received: 0 records
60578 DEBUG [2019-05-14 10:59:05]  Received: 0 records
60892 DEBUG [2019-05-14 10:59:05]  Received: 0 records
61577 DEBUG [2019-05-14 10:59:06]  Received: 0 records
61578 DEBUG [2019-05-14 10:59:06]  Received: 0 records
61892 DEBUG [2019-05-14 10:59:06]  Received: 0 records
62578 DEBUG [2019-05-14 10:59:07]  Received: 0 records
62578 DEBUG [2019-05-14 10:59:07]  Received: 0 records
62892 DEBUG [2019-05-14 10:59:07]  Received: 0 records
63578 DEBUG [2019-05-14 10:59:08]  Received: 0 records
63578 DEBUG [2019-05-14 10:59:08]  Received: 0 records
63893 DEBUG [2019-05-14 10:59:08]  Received: 0 records
64579 DEBUG [2019-05-14 10:59:09]  Received: 0 records
64579 DEBUG [2019-05-14 10:59:09]  Received: 0 records
64894 DEBUG [2019-05-14 10:59:09]  Received: 0 records
65579 DEBUG [2019-05-14 10:59:10]  Received: 0 records
65580 DEBUG [2019-05-14 10:59:10]  Received: 0 records
65894 DEBUG [2019-05-14 10:59:10]  Received: 0 records
66579 DEBUG [2019-05-14 10:59:11]  Received: 0 records
66581 DEBUG [2019-05-14 10:59:11]  Received: 0 records
66915 DEBUG [2019-05-14 10:59:11]  Received: 0 records
67579 DEBUG [2019-05-14 10:59:12]  Received: 0 records
67582 DEBUG [2019-05-14 10:59:12]  Received: 0 records
67915 DEBUG [2019-05-14 10:59:12]  Received: 0 records
68580 DEBUG [2019-05-14 10:59:13]  Received: 0 records
68583 DEBUG [2019-05-14 10:59:13]  Received: 0 records
68916 DEBUG [2019-05-14 10:59:13]  Received: 0 records
69581 DEBUG [2019-05-14 10:59:14]  Received: 0 records
69583 DEBUG [2019-05-14 10:59:14]  Received: 0 records
69917 DEBUG [2019-05-14 10:59:14]  Received: 0 records
70581 DEBUG [2019-05-14 10:59:15]  Received: 0 records
70584 DEBUG [2019-05-14 10:59:15]  Received: 0 records
70917 DEBUG [2019-05-14 10:59:15]  Received: 0 records
71582 DEBUG [2019-05-14 10:59:16]  Received: 0 records
71585 DEBUG [2019-05-14 10:59:16]  Received: 0 records
71918 DEBUG [2019-05-14 10:59:16]  Received: 0 records
72582 DEBUG [2019-05-14 10:59:17]  Received: 0 records
72585 DEBUG [2019-05-14 10:59:17]  Received: 0 records
72919 DEBUG [2019-05-14 10:59:17]  Received: 0 records
73583 DEBUG [2019-05-14 10:59:18]  Received: 0 records
73586 DEBUG [2019-05-14 10:59:18]  Received: 0 records
73920 DEBUG [2019-05-14 10:59:18]  Received: 0 records
74584 DEBUG [2019-05-14 10:59:19]  Received: 0 records
74587 DEBUG [2019-05-14 10:59:19]  Received: 0 records
74921 DEBUG [2019-05-14 10:59:19]  Received: 0 records
75584 DEBUG [2019-05-14 10:59:20]  Received: 0 records
75587 DEBUG [2019-05-14 10:59:20]  Received: 0 records
75922 DEBUG [2019-05-14 10:59:20]  Received: 0 records
76584 DEBUG [2019-05-14 10:59:21]  Received: 0 records
76588 DEBUG [2019-05-14 10:59:21]  Received: 0 records
76922 DEBUG [2019-05-14 10:59:21]  Received: 0 records
77585 DEBUG [2019-05-14 10:59:22]  Received: 0 records
77589 DEBUG [2019-05-14 10:59:22]  Received: 0 records
77923 DEBUG [2019-05-14 10:59:22]  Received: 0 records
78586 DEBUG [2019-05-14 10:59:23]  Received: 0 records
78593 DEBUG [2019-05-14 10:59:23]  Received: 0 records
78923 DEBUG [2019-05-14 10:59:23]  Received: 0 records
79586 DEBUG [2019-05-14 10:59:24]  Received: 0 records
79594 DEBUG [2019-05-14 10:59:24]  Received: 0 records
79923 DEBUG [2019-05-14 10:59:24]  Received: 0 records
80586 DEBUG [2019-05-14 10:59:25]  Received: 0 records
80594 DEBUG [2019-05-14 10:59:25]  Received: 0 records
80924 DEBUG [2019-05-14 10:59:25]  Received: 0 records
81587 DEBUG [2019-05-14 10:59:26]  Received: 0 records
81595 DEBUG [2019-05-14 10:59:26]  Received: 0 records
81924 DEBUG [2019-05-14 10:59:26]  Received: 0 records
82587 DEBUG [2019-05-14 10:59:27]  Received: 0 records
82595 DEBUG [2019-05-14 10:59:27]  Received: 0 records
82925 DEBUG [2019-05-14 10:59:27]  Received: 0 records
83587 DEBUG [2019-05-14 10:59:28]  Received: 0 records
83596 DEBUG [2019-05-14 10:59:28]  Received: 0 records
83926 DEBUG [2019-05-14 10:59:28]  Received: 0 records
84587 DEBUG [2019-05-14 10:59:29]  Received: 0 records
84596 DEBUG [2019-05-14 10:59:29]  Received: 0 records
84927 DEBUG [2019-05-14 10:59:29]  Received: 0 records
85587 DEBUG [2019-05-14 10:59:30]  Received: 0 records
85596 DEBUG [2019-05-14 10:59:30]  Received: 0 records
85928 DEBUG [2019-05-14 10:59:30]  Received: 0 records
86588 DEBUG [2019-05-14 10:59:31]  Received: 0 records
86597 DEBUG [2019-05-14 10:59:31]  Received: 0 records
86930 DEBUG [2019-05-14 10:59:31]  Received: 0 records
87589 DEBUG [2019-05-14 10:59:32]  Received: 0 records
87597 DEBUG [2019-05-14 10:59:32]  Received: 0 records
87930 DEBUG [2019-05-14 10:59:32]  Received: 0 records
88590 DEBUG [2019-05-14 10:59:33]  Received: 0 records
88598 DEBUG [2019-05-14 10:59:33]  Received: 0 records
88931 DEBUG [2019-05-14 10:59:33]  Received: 0 records
89591 DEBUG [2019-05-14 10:59:34]  Received: 0 records
89598 DEBUG [2019-05-14 10:59:34]  Received: 0 records
89931 DEBUG [2019-05-14 10:59:34]  Received: 0 records
90592 DEBUG [2019-05-14 10:59:35]  Received: 0 records
90598 DEBUG [2019-05-14 10:59:35]  Received: 0 records
90932 DEBUG [2019-05-14 10:59:35]  Received: 0 records
91592 DEBUG [2019-05-14 10:59:36]  Received: 0 records
91598 DEBUG [2019-05-14 10:59:36]  Received: 0 records
91933 DEBUG [2019-05-14 10:59:36]  Received: 0 records
92592 DEBUG [2019-05-14 10:59:37]  Received: 0 records
92599 DEBUG [2019-05-14 10:59:37]  Received: 0 records
92934 DEBUG [2019-05-14 10:59:37]  Received: 0 records
93598 DEBUG [2019-05-14 10:59:38]  Received: 0 records
93600 DEBUG [2019-05-14 10:59:38]  Received: 0 records
94225 DEBUG [2019-05-14 10:59:39]  Received: 0 records
94654 DEBUG [2019-05-14 10:59:39]  Received: 0 records
94719 DEBUG [2019-05-14 10:59:39]  Received: 0 records
95226 DEBUG [2019-05-14 10:59:40]  Received: 0 records
95654 DEBUG [2019-05-14 10:59:40]  Received: 0 records
95719 DEBUG [2019-05-14 10:59:40]  Received: 0 records
96226 DEBUG [2019-05-14 10:59:41]  Received: 0 records
96655 DEBUG [2019-05-14 10:59:41]  Received: 0 records
96719 DEBUG [2019-05-14 10:59:41]  Received: 0 records
97226 DEBUG [2019-05-14 10:59:42]  Received: 0 records
97659 DEBUG [2019-05-14 10:59:42]  Received: 0 records
97721 DEBUG [2019-05-14 10:59:42]  Received: 0 records
98226 DEBUG [2019-05-14 10:59:43]  Received: 0 records
98659 DEBUG [2019-05-14 10:59:43]  Received: 0 records
98721 DEBUG [2019-05-14 10:59:43]  Received: 0 records
99226 DEBUG [2019-05-14 10:59:44]  Received: 0 records
99660 DEBUG [2019-05-14 10:59:44]  Received: 0 records
99727 DEBUG [2019-05-14 10:59:44]  Received: 0 records
100239 DEBUG [2019-05-14 10:59:45]  Received: 0 records
100661 DEBUG [2019-05-14 10:59:45]  Received: 0 records
100729 DEBUG [2019-05-14 10:59:45]  Received: 0 records
101240 DEBUG [2019-05-14 10:59:46]  Received: 0 records
101662 DEBUG [2019-05-14 10:59:46]  Received: 0 records
101729 DEBUG [2019-05-14 10:59:46]  Received: 0 records
102241 DEBUG [2019-05-14 10:59:47]  Received: 0 records
102662 DEBUG [2019-05-14 10:59:47]  Received: 0 records
102729 DEBUG [2019-05-14 10:59:47]  Received: 0 records
103241 DEBUG [2019-05-14 10:59:48]  Received: 0 records
103663 DEBUG [2019-05-14 10:59:48]  Received: 0 records
103739 DEBUG [2019-05-14 10:59:48]  Received: 0 records
104242 DEBUG [2019-05-14 10:59:49]  Received: 0 records
104783 DEBUG [2019-05-14 10:59:49]  Received: 0 records
104791 DEBUG [2019-05-14 10:59:49]  Received: 0 records
105250 DEBUG [2019-05-14 10:59:50]  Received: 0 records
105785 DEBUG [2019-05-14 10:59:50]  Received: 0 records
105793 DEBUG [2019-05-14 10:59:50]  Received: 0 records
106250 DEBUG [2019-05-14 10:59:51]  Received: 0 records
